{"D:\\projects\\own projects\\interview\\assement\\App.js": {"path":"D:\\projects\\own projects\\interview\\assement\\App.js","statementMap":{"0":{"start":{"line":1,"column":42},"end":{"line":1,"column":97}},"1":{"start":{"line":1,"column":98},"end":{"line":1,"column":160}},"2":{"start":{"line":1,"column":160},"end":{"line":1,"column":185}},"3":{"start":{"line":1,"column":208},"end":{"line":1,"column":280}},"4":{"start":{"line":1,"column":301},"end":{"line":1,"column":370}},"5":{"start":{"line":1,"column":405},"end":{"line":1,"column":488}},"6":{"start":{"line":1,"column":512},"end":{"line":1,"column":584}},"7":{"start":{"line":1,"column":615},"end":{"line":1,"column":694}},"8":{"start":{"line":1,"column":712},"end":{"line":1,"column":778}},"9":{"start":{"line":9,"column":13},"end":{"line":9,"column":53}},"10":{"start":{"line":10,"column":19},"end":{"line":10,"column":42}},"11":{"start":{"line":19,"column":20},"end":{"line":19,"column":66}},"12":{"start":{"line":26,"column":17},"end":{"line":26,"column":89}},"13":{"start":{"line":27,"column":20},"end":{"line":27,"column":102}},"14":{"start":{"line":27,"column":122},"end":{"line":27,"column":179}},"15":{"start":{"line":29,"column":6},"end":{"line":210,"column":48}},"16":{"start":{"line":29,"column":35},"end":{"line":29,"column":82}},"17":{"start":{"line":30,"column":28},"end":{"line":30,"column":69}},"18":{"start":{"line":31,"column":4},"end":{"line":31,"column":106}},"19":{"start":{"line":32,"column":4},"end":{"line":37,"column":24}},"20":{"start":{"line":40,"column":4},"end":{"line":40,"column":84}},"21":{"start":{"line":41,"column":4},"end":{"line":41,"column":104}},"22":{"start":{"line":42,"column":4},"end":{"line":42,"column":88}},"23":{"start":{"line":42,"column":88},"end":{"line":42,"column":101}},"24":{"start":{"line":43,"column":3},"end":{"line":210,"column":10}},"25":{"start":{"line":50,"column":6},"end":{"line":50,"column":16}},"26":{"start":{"line":50,"column":25},"end":{"line":50,"column":42}},"27":{"start":{"line":50,"column":52},"end":{"line":50,"column":70}},"28":{"start":{"line":50,"column":82},"end":{"line":50,"column":102}},"29":{"start":{"line":52,"column":24},"end":{"line":52,"column":41}},"30":{"start":{"line":53,"column":25},"end":{"line":53,"column":48}},"31":{"start":{"line":54,"column":19},"end":{"line":54,"column":20}},"32":{"start":{"line":56,"column":6},"end":{"line":73,"column":17}},"33":{"start":{"line":58,"column":10},"end":{"line":58,"column":46}},"34":{"start":{"line":59,"column":10},"end":{"line":59,"column":16}},"35":{"start":{"line":61,"column":10},"end":{"line":61,"column":46}},"36":{"start":{"line":62,"column":10},"end":{"line":62,"column":16}},"37":{"start":{"line":64,"column":10},"end":{"line":64,"column":46}},"38":{"start":{"line":65,"column":10},"end":{"line":65,"column":16}},"39":{"start":{"line":67,"column":10},"end":{"line":71,"column":11}},"40":{"start":{"line":68,"column":12},"end":{"line":68,"column":29}},"41":{"start":{"line":70,"column":12},"end":{"line":70,"column":71}},"42":{"start":{"line":72,"column":10},"end":{"line":72,"column":16}},"43":{"start":{"line":76,"column":6},"end":{"line":78,"column":26}},"44":{"start":{"line":84,"column":6},"end":{"line":88,"column":21}},"45":{"start":{"line":94,"column":17},"end":{"line":94,"column":36}},"46":{"start":{"line":95,"column":6},"end":{"line":95,"column":16}},"47":{"start":{"line":95,"column":25},"end":{"line":95,"column":43}},"48":{"start":{"line":95,"column":53},"end":{"line":95,"column":72}},"49":{"start":{"line":95,"column":84},"end":{"line":95,"column":105}},"50":{"start":{"line":97,"column":6},"end":{"line":183,"column":17}},"51":{"start":{"line":99,"column":10},"end":{"line":119,"column":11}},"52":{"start":{"line":100,"column":12},"end":{"line":108,"column":13}},"53":{"start":{"line":101,"column":14},"end":{"line":103,"column":15}},"54":{"start":{"line":102,"column":16},"end":{"line":102,"column":29}},"55":{"start":{"line":104,"column":19},"end":{"line":108,"column":13}},"56":{"start":{"line":105,"column":14},"end":{"line":105,"column":28}},"57":{"start":{"line":107,"column":14},"end":{"line":107,"column":27}},"58":{"start":{"line":110,"column":12},"end":{"line":110,"column":80}},"59":{"start":{"line":112,"column":12},"end":{"line":117,"column":33}},"60":{"start":{"line":121,"column":10},"end":{"line":121,"column":16}},"61":{"start":{"line":131,"column":10},"end":{"line":153,"column":11}},"62":{"start":{"line":132,"column":12},"end":{"line":142,"column":13}},"63":{"start":{"line":133,"column":14},"end":{"line":137,"column":15}},"64":{"start":{"line":134,"column":16},"end":{"line":134,"column":31}},"65":{"start":{"line":136,"column":16},"end":{"line":136,"column":32}},"66":{"start":{"line":138,"column":19},"end":{"line":142,"column":13}},"67":{"start":{"line":139,"column":14},"end":{"line":139,"column":30}},"68":{"start":{"line":141,"column":14},"end":{"line":141,"column":31}},"69":{"start":{"line":144,"column":12},"end":{"line":144,"column":80}},"70":{"start":{"line":146,"column":12},"end":{"line":151,"column":33}},"71":{"start":{"line":155,"column":10},"end":{"line":155,"column":16}},"72":{"start":{"line":157,"column":10},"end":{"line":163,"column":11}},"73":{"start":{"line":158,"column":12},"end":{"line":160,"column":13}},"74":{"start":{"line":159,"column":14},"end":{"line":159,"column":30}},"75":{"start":{"line":161,"column":17},"end":{"line":163,"column":11}},"76":{"start":{"line":162,"column":12},"end":{"line":162,"column":29}},"77":{"start":{"line":165,"column":10},"end":{"line":165,"column":78}},"78":{"start":{"line":167,"column":10},"end":{"line":167,"column":16}},"79":{"start":{"line":172,"column":10},"end":{"line":178,"column":11}},"80":{"start":{"line":173,"column":12},"end":{"line":173,"column":30}},"81":{"start":{"line":175,"column":12},"end":{"line":175,"column":80}},"82":{"start":{"line":177,"column":12},"end":{"line":177,"column":29}},"83":{"start":{"line":179,"column":10},"end":{"line":179,"column":16}},"84":{"start":{"line":181,"column":10},"end":{"line":181,"column":27}},"85":{"start":{"line":182,"column":10},"end":{"line":182,"column":16}},"86":{"start":{"line":188,"column":6},"end":{"line":188,"column":16}},"87":{"start":{"line":188,"column":25},"end":{"line":188,"column":43}},"88":{"start":{"line":188,"column":53},"end":{"line":188,"column":72}},"89":{"start":{"line":188,"column":84},"end":{"line":188,"column":105}},"90":{"start":{"line":188,"column":115},"end":{"line":188,"column":134}},"91":{"start":{"line":189,"column":6},"end":{"line":204,"column":114}},"92":{"start":{"line":210,"column":10},"end":{"line":210,"column":21}},"93":{"start":{"line":213,"column":13},"end":{"line":221,"column":35}},"94":{"start":{"line":225,"column":0},"end":{"line":225,"column":3}},"95":{"start":{"line":225,"column":4},"end":{"line":225,"column":31}}},"fnMap":{"0":{"name":"(anonymous_0)","decl":{"start":{"line":29,"column":6},"end":{"line":29,"column":7}},"loc":{"start":{"line":29,"column":34},"end":{"line":210,"column":22}},"line":29},"1":{"name":"App","decl":{"start":{"line":30,"column":11},"end":{"line":30,"column":14}},"loc":{"start":{"line":30,"column":17},"end":{"line":43,"column":3}},"line":30},"2":{"name":"getResult","decl":{"start":{"line":43,"column":72},"end":{"line":43,"column":81}},"loc":{"start":{"line":49,"column":4},"end":{"line":80,"column":5}},"line":49},"3":{"name":"refresh","decl":{"start":{"line":80,"column":43},"end":{"line":80,"column":50}},"loc":{"start":{"line":83,"column":4},"end":{"line":90,"column":5}},"line":83},"4":{"name":"handleButtonPress","decl":{"start":{"line":90,"column":53},"end":{"line":90,"column":70}},"loc":{"start":{"line":93,"column":12},"end":{"line":185,"column":5}},"line":93},"5":{"name":"render","decl":{"start":{"line":185,"column":42},"end":{"line":185,"column":48}},"loc":{"start":{"line":187,"column":4},"end":{"line":210,"column":5}},"line":187}},"branchMap":{"0":{"loc":{"start":{"line":53,"column":25},"end":{"line":53,"column":48}},"type":"binary-expr","locations":[{"start":{"line":53,"column":25},"end":{"line":53,"column":43}},{"start":{"line":53,"column":47},"end":{"line":53,"column":48}}],"line":53},"1":{"loc":{"start":{"line":56,"column":6},"end":{"line":73,"column":17}},"type":"switch","locations":[{"start":{"line":57,"column":8},"end":{"line":59,"column":16}},{"start":{"line":60,"column":8},"end":{"line":62,"column":16}},{"start":{"line":63,"column":8},"end":{"line":65,"column":16}},{"start":{"line":66,"column":8},"end":{"line":72,"column":16}},{"start":{"line":73,"column":8},"end":{"line":73,"column":16}}],"line":56},"2":{"loc":{"start":{"line":67,"column":10},"end":{"line":71,"column":11}},"type":"if","locations":[{"start":{"line":67,"column":10},"end":{"line":71,"column":11}},{"start":{"line":67,"column":10},"end":{"line":71,"column":11}}],"line":67},"3":{"loc":{"start":{"line":67,"column":14},"end":{"line":67,"column":49}},"type":"binary-expr","locations":[{"start":{"line":67,"column":14},"end":{"line":67,"column":27}},{"start":{"line":67,"column":31},"end":{"line":67,"column":49}}],"line":67},"4":{"loc":{"start":{"line":97,"column":6},"end":{"line":183,"column":17}},"type":"switch","locations":[{"start":{"line":98,"column":8},"end":{"line":121,"column":16}},{"start":{"line":122,"column":8},"end":{"line":122,"column":17}},{"start":{"line":123,"column":8},"end":{"line":123,"column":17}},{"start":{"line":124,"column":8},"end":{"line":124,"column":17}},{"start":{"line":125,"column":8},"end":{"line":125,"column":17}},{"start":{"line":126,"column":8},"end":{"line":126,"column":17}},{"start":{"line":127,"column":8},"end":{"line":127,"column":17}},{"start":{"line":128,"column":8},"end":{"line":128,"column":17}},{"start":{"line":129,"column":8},"end":{"line":129,"column":17}},{"start":{"line":130,"column":8},"end":{"line":155,"column":16}},{"start":{"line":156,"column":8},"end":{"line":167,"column":16}},{"start":{"line":168,"column":8},"end":{"line":168,"column":17}},{"start":{"line":169,"column":8},"end":{"line":169,"column":17}},{"start":{"line":170,"column":8},"end":{"line":170,"column":17}},{"start":{"line":171,"column":8},"end":{"line":179,"column":16}},{"start":{"line":180,"column":8},"end":{"line":182,"column":16}},{"start":{"line":183,"column":8},"end":{"line":183,"column":16}}],"line":97},"5":{"loc":{"start":{"line":99,"column":10},"end":{"line":119,"column":11}},"type":"if","locations":[{"start":{"line":99,"column":10},"end":{"line":119,"column":11}},{"start":{"line":99,"column":10},"end":{"line":119,"column":11}}],"line":99},"6":{"loc":{"start":{"line":100,"column":12},"end":{"line":108,"column":13}},"type":"if","locations":[{"start":{"line":100,"column":12},"end":{"line":108,"column":13}},{"start":{"line":100,"column":12},"end":{"line":108,"column":13}}],"line":100},"7":{"loc":{"start":{"line":101,"column":14},"end":{"line":103,"column":15}},"type":"if","locations":[{"start":{"line":101,"column":14},"end":{"line":103,"column":15}},{"start":{"line":101,"column":14},"end":{"line":103,"column":15}}],"line":101},"8":{"loc":{"start":{"line":101,"column":18},"end":{"line":101,"column":56}},"type":"binary-expr","locations":[{"start":{"line":101,"column":18},"end":{"line":101,"column":34}},{"start":{"line":101,"column":38},"end":{"line":101,"column":56}}],"line":101},"9":{"loc":{"start":{"line":104,"column":19},"end":{"line":108,"column":13}},"type":"if","locations":[{"start":{"line":104,"column":19},"end":{"line":108,"column":13}},{"start":{"line":104,"column":19},"end":{"line":108,"column":13}}],"line":104},"10":{"loc":{"start":{"line":104,"column":23},"end":{"line":104,"column":63}},"type":"binary-expr","locations":[{"start":{"line":104,"column":23},"end":{"line":104,"column":40}},{"start":{"line":104,"column":44},"end":{"line":104,"column":63}}],"line":104},"11":{"loc":{"start":{"line":131,"column":10},"end":{"line":153,"column":11}},"type":"if","locations":[{"start":{"line":131,"column":10},"end":{"line":153,"column":11}},{"start":{"line":131,"column":10},"end":{"line":153,"column":11}}],"line":131},"12":{"loc":{"start":{"line":132,"column":12},"end":{"line":142,"column":13}},"type":"if","locations":[{"start":{"line":132,"column":12},"end":{"line":142,"column":13}},{"start":{"line":132,"column":12},"end":{"line":142,"column":13}}],"line":132},"13":{"loc":{"start":{"line":133,"column":14},"end":{"line":137,"column":15}},"type":"if","locations":[{"start":{"line":133,"column":14},"end":{"line":137,"column":15}},{"start":{"line":133,"column":14},"end":{"line":137,"column":15}}],"line":133},"14":{"loc":{"start":{"line":133,"column":18},"end":{"line":133,"column":56}},"type":"binary-expr","locations":[{"start":{"line":133,"column":18},"end":{"line":133,"column":34}},{"start":{"line":133,"column":38},"end":{"line":133,"column":56}}],"line":133},"15":{"loc":{"start":{"line":138,"column":19},"end":{"line":142,"column":13}},"type":"if","locations":[{"start":{"line":138,"column":19},"end":{"line":142,"column":13}},{"start":{"line":138,"column":19},"end":{"line":142,"column":13}}],"line":138},"16":{"loc":{"start":{"line":138,"column":23},"end":{"line":138,"column":63}},"type":"binary-expr","locations":[{"start":{"line":138,"column":23},"end":{"line":138,"column":40}},{"start":{"line":138,"column":44},"end":{"line":138,"column":63}}],"line":138},"17":{"loc":{"start":{"line":157,"column":10},"end":{"line":163,"column":11}},"type":"if","locations":[{"start":{"line":157,"column":10},"end":{"line":163,"column":11}},{"start":{"line":157,"column":10},"end":{"line":163,"column":11}}],"line":157},"18":{"loc":{"start":{"line":158,"column":12},"end":{"line":160,"column":13}},"type":"if","locations":[{"start":{"line":158,"column":12},"end":{"line":160,"column":13}},{"start":{"line":158,"column":12},"end":{"line":160,"column":13}}],"line":158},"19":{"loc":{"start":{"line":161,"column":17},"end":{"line":163,"column":11}},"type":"if","locations":[{"start":{"line":161,"column":17},"end":{"line":163,"column":11}},{"start":{"line":161,"column":17},"end":{"line":163,"column":11}}],"line":161},"20":{"loc":{"start":{"line":172,"column":10},"end":{"line":178,"column":11}},"type":"if","locations":[{"start":{"line":172,"column":10},"end":{"line":178,"column":11}},{"start":{"line":172,"column":10},"end":{"line":178,"column":11}}],"line":172}},"s":{"0":1,"1":1,"2":1,"3":1,"4":1,"5":1,"6":1,"7":1,"8":1,"9":1,"10":1,"11":1,"12":1,"13":1,"14":1,"15":1,"16":1,"17":0,"18":0,"19":0,"20":0,"21":0,"22":0,"23":0,"24":1,"25":0,"26":0,"27":0,"28":0,"29":0,"30":0,"31":0,"32":0,"33":0,"34":0,"35":0,"36":0,"37":0,"38":0,"39":0,"40":0,"41":0,"42":0,"43":0,"44":0,"45":0,"46":0,"47":0,"48":0,"49":0,"50":0,"51":0,"52":0,"53":0,"54":0,"55":0,"56":0,"57":0,"58":0,"59":0,"60":0,"61":0,"62":0,"63":0,"64":0,"65":0,"66":0,"67":0,"68":0,"69":0,"70":0,"71":0,"72":0,"73":0,"74":0,"75":0,"76":0,"77":0,"78":0,"79":0,"80":0,"81":0,"82":0,"83":0,"84":0,"85":0,"86":0,"87":0,"88":0,"89":0,"90":0,"91":0,"92":1,"93":1,"94":1,"95":1},"f":{"0":1,"1":0,"2":0,"3":0,"4":0,"5":0},"b":{"0":[0,0],"1":[0,0,0,0,0],"2":[0,0],"3":[0,0],"4":[0,0,0,0,0,0,0,0,0,0,0,0,0,0,0,0,0],"5":[0,0],"6":[0,0],"7":[0,0],"8":[0,0],"9":[0,0],"10":[0,0],"11":[0,0],"12":[0,0],"13":[0,0],"14":[0,0],"15":[0,0],"16":[0,0],"17":[0,0],"18":[0,0],"19":[0,0],"20":[0,0]},"_coverageSchema":"1a1c01bbd47fc00a2c39e90264f33305004495a9","hash":"d22fdddcc7aa4cce98e93a1e52868b7b53ea6eb9"}
,"D:\\projects\\own projects\\interview\\assement\\src\\components\\cal-btn-container\\BtnContainer.js": {"path":"D:\\projects\\own projects\\interview\\assement\\src\\components\\cal-btn-container\\BtnContainer.js","statementMap":{"0":{"start":{"line":1,"column":42},"end":{"line":1,"column":97}},"1":{"start":{"line":1,"column":98},"end":{"line":1,"column":160}},"2":{"start":{"line":1,"column":160},"end":{"line":1,"column":185}},"3":{"start":{"line":1,"column":208},"end":{"line":1,"column":280}},"4":{"start":{"line":1,"column":301},"end":{"line":1,"column":370}},"5":{"start":{"line":1,"column":405},"end":{"line":1,"column":488}},"6":{"start":{"line":1,"column":512},"end":{"line":1,"column":584}},"7":{"start":{"line":1,"column":602},"end":{"line":1,"column":668}},"8":{"start":{"line":1,"column":682},"end":{"line":1,"column":722}},"9":{"start":{"line":2,"column":19},"end":{"line":2,"column":42}},"10":{"start":{"line":3,"column":17},"end":{"line":3,"column":75}},"11":{"start":{"line":3,"column":95},"end":{"line":3,"column":197}},"12":{"start":{"line":5,"column":15},"end":{"line":69,"column":57}},"13":{"start":{"line":5,"column":44},"end":{"line":5,"column":100}},"14":{"start":{"line":5,"column":125},"end":{"line":5,"column":175}},"15":{"start":{"line":5,"column":175},"end":{"line":5,"column":297}},"16":{"start":{"line":5,"column":298},"end":{"line":69,"column":10}},"17":{"start":{"line":7,"column":6},"end":{"line":7,"column":16}},"18":{"start":{"line":7,"column":37},"end":{"line":7,"column":66}},"19":{"start":{"line":7,"column":77},"end":{"line":7,"column":96}},"20":{"start":{"line":10,"column":6},"end":{"line":64,"column":107}},"21":{"start":{"line":69,"column":10},"end":{"line":69,"column":30}},"22":{"start":{"line":72,"column":13},"end":{"line":79,"column":29}},"23":{"start":{"line":83,"column":0},"end":{"line":83,"column":12}},"24":{"start":{"line":83,"column":13},"end":{"line":83,"column":40}}},"fnMap":{"0":{"name":"(anonymous_0)","decl":{"start":{"line":5,"column":15},"end":{"line":5,"column":16}},"loc":{"start":{"line":5,"column":43},"end":{"line":69,"column":31}},"line":5},"1":{"name":"BtnContainer","decl":{"start":{"line":5,"column":109},"end":{"line":5,"column":121}},"loc":{"start":{"line":5,"column":124},"end":{"line":5,"column":298}},"line":5},"2":{"name":"render","decl":{"start":{"line":5,"column":373},"end":{"line":5,"column":379}},"loc":{"start":{"line":6,"column":4},"end":{"line":69,"column":5}},"line":6}},"branchMap":{},"s":{"0":2,"1":2,"2":2,"3":2,"4":2,"5":2,"6":2,"7":2,"8":2,"9":2,"10":2,"11":2,"12":2,"13":2,"14":1,"15":1,"16":2,"17":1,"18":1,"19":1,"20":1,"21":2,"22":2,"23":2,"24":2},"f":{"0":2,"1":1,"2":1},"b":{},"_coverageSchema":"1a1c01bbd47fc00a2c39e90264f33305004495a9","hash":"309e583c9ea9ccb03d5043ba24ffb4f674350cd5"}
,"D:\\projects\\own projects\\interview\\assement\\src\\components\\cal-button\\CalButton.js": {"path":"D:\\projects\\own projects\\interview\\assement\\src\\components\\cal-button\\CalButton.js","statementMap":{"0":{"start":{"line":1,"column":42},"end":{"line":1,"column":97}},"1":{"start":{"line":1,"column":98},"end":{"line":1,"column":160}},"2":{"start":{"line":1,"column":160},"end":{"line":1,"column":185}},"3":{"start":{"line":1,"column":208},"end":{"line":1,"column":280}},"4":{"start":{"line":1,"column":301},"end":{"line":1,"column":370}},"5":{"start":{"line":1,"column":405},"end":{"line":1,"column":488}},"6":{"start":{"line":1,"column":512},"end":{"line":1,"column":584}},"7":{"start":{"line":1,"column":602},"end":{"line":1,"column":668}},"8":{"start":{"line":1,"column":682},"end":{"line":1,"column":722}},"9":{"start":{"line":2,"column":19},"end":{"line":2,"column":42}},"10":{"start":{"line":2,"column":62},"end":{"line":2,"column":154}},"11":{"start":{"line":4,"column":12},"end":{"line":32,"column":54}},"12":{"start":{"line":4,"column":41},"end":{"line":4,"column":94}},"13":{"start":{"line":4,"column":116},"end":{"line":4,"column":163}},"14":{"start":{"line":4,"column":163},"end":{"line":4,"column":282}},"15":{"start":{"line":4,"column":283},"end":{"line":32,"column":10}},"16":{"start":{"line":7,"column":6},"end":{"line":7,"column":16}},"17":{"start":{"line":7,"column":28},"end":{"line":7,"column":48}},"18":{"start":{"line":7,"column":56},"end":{"line":7,"column":72}},"19":{"start":{"line":7,"column":81},"end":{"line":7,"column":98}},"20":{"start":{"line":7,"column":119},"end":{"line":7,"column":148}},"21":{"start":{"line":9,"column":25},"end":{"line":9,"column":40}},"22":{"start":{"line":10,"column":23},"end":{"line":10,"column":36}},"23":{"start":{"line":13,"column":6},"end":{"line":15,"column":7}},"24":{"start":{"line":14,"column":8},"end":{"line":14,"column":47}},"25":{"start":{"line":18,"column":6},"end":{"line":23,"column":7}},"26":{"start":{"line":19,"column":8},"end":{"line":19,"column":50}},"27":{"start":{"line":20,"column":8},"end":{"line":20,"column":46}},"28":{"start":{"line":21,"column":13},"end":{"line":23,"column":7}},"29":{"start":{"line":22,"column":8},"end":{"line":22,"column":47}},"30":{"start":{"line":25,"column":6},"end":{"line":29,"column":145}},"31":{"start":{"line":28,"column":39},"end":{"line":28,"column":74}},"32":{"start":{"line":32,"column":10},"end":{"line":32,"column":27}},"33":{"start":{"line":34,"column":13},"end":{"line":34,"column":50}},"34":{"start":{"line":35,"column":18},"end":{"line":35,"column":34}},"35":{"start":{"line":36,"column":13},"end":{"line":63,"column":35}},"36":{"start":{"line":67,"column":0},"end":{"line":67,"column":9}},"37":{"start":{"line":67,"column":10},"end":{"line":67,"column":37}}},"fnMap":{"0":{"name":"(anonymous_0)","decl":{"start":{"line":4,"column":12},"end":{"line":4,"column":13}},"loc":{"start":{"line":4,"column":40},"end":{"line":32,"column":28}},"line":4},"1":{"name":"CalButton","decl":{"start":{"line":4,"column":103},"end":{"line":4,"column":112}},"loc":{"start":{"line":4,"column":115},"end":{"line":4,"column":283}},"line":4},"2":{"name":"render","decl":{"start":{"line":4,"column":355},"end":{"line":4,"column":361}},"loc":{"start":{"line":6,"column":4},"end":{"line":32,"column":5}},"line":6},"3":{"name":"onPress","decl":{"start":{"line":28,"column":28},"end":{"line":28,"column":35}},"loc":{"start":{"line":28,"column":38},"end":{"line":28,"column":75}},"line":28}},"branchMap":{"0":{"loc":{"start":{"line":13,"column":6},"end":{"line":15,"column":7}},"type":"if","locations":[{"start":{"line":13,"column":6},"end":{"line":15,"column":7}},{"start":{"line":13,"column":6},"end":{"line":15,"column":7}}],"line":13},"1":{"loc":{"start":{"line":18,"column":6},"end":{"line":23,"column":7}},"type":"if","locations":[{"start":{"line":18,"column":6},"end":{"line":23,"column":7}},{"start":{"line":18,"column":6},"end":{"line":23,"column":7}}],"line":18},"2":{"loc":{"start":{"line":21,"column":13},"end":{"line":23,"column":7}},"type":"if","locations":[{"start":{"line":21,"column":13},"end":{"line":23,"column":7}},{"start":{"line":21,"column":13},"end":{"line":23,"column":7}}],"line":21}},"s":{"0":3,"1":3,"2":3,"3":3,"4":3,"5":3,"6":3,"7":3,"8":3,"9":3,"10":3,"11":3,"12":3,"13":3,"14":3,"15":3,"16":3,"17":3,"18":3,"19":3,"20":3,"21":3,"22":3,"23":3,"24":0,"25":3,"26":1,"27":1,"28":2,"29":1,"30":3,"31":0,"32":3,"33":3,"34":3,"35":3,"36":3,"37":3},"f":{"0":3,"1":3,"2":3,"3":0},"b":{"0":[0,3],"1":[1,2],"2":[1,1]},"_coverageSchema":"1a1c01bbd47fc00a2c39e90264f33305004495a9","hash":"9079c41e60a0a80e83ee3c87c94e73b6f26611d1"}
,"D:\\projects\\own projects\\interview\\assement\\src\\components\\cal-result\\CalResult.js": {"path":"D:\\projects\\own projects\\interview\\assement\\src\\components\\cal-result\\CalResult.js","statementMap":{"0":{"start":{"line":1,"column":42},"end":{"line":1,"column":97}},"1":{"start":{"line":1,"column":98},"end":{"line":1,"column":160}},"2":{"start":{"line":1,"column":160},"end":{"line":1,"column":185}},"3":{"start":{"line":1,"column":208},"end":{"line":1,"column":280}},"4":{"start":{"line":1,"column":301},"end":{"line":1,"column":370}},"5":{"start":{"line":1,"column":405},"end":{"line":1,"column":488}},"6":{"start":{"line":1,"column":512},"end":{"line":1,"column":584}},"7":{"start":{"line":1,"column":602},"end":{"line":1,"column":668}},"8":{"start":{"line":1,"column":682},"end":{"line":1,"column":722}},"9":{"start":{"line":2,"column":19},"end":{"line":2,"column":42}},"10":{"start":{"line":2,"column":62},"end":{"line":2,"column":154}},"11":{"start":{"line":4,"column":21},"end":{"line":21,"column":63}},"12":{"start":{"line":4,"column":50},"end":{"line":4,"column":112}},"13":{"start":{"line":4,"column":143},"end":{"line":4,"column":199}},"14":{"start":{"line":4,"column":199},"end":{"line":4,"column":327}},"15":{"start":{"line":4,"column":328},"end":{"line":21,"column":10}},"16":{"start":{"line":6,"column":6},"end":{"line":6,"column":16}},"17":{"start":{"line":6,"column":25},"end":{"line":6,"column":42}},"18":{"start":{"line":6,"column":52},"end":{"line":6,"column":70}},"19":{"start":{"line":6,"column":82},"end":{"line":6,"column":102}},"20":{"start":{"line":6,"column":112},"end":{"line":6,"column":130}},"21":{"start":{"line":7,"column":18},"end":{"line":7,"column":55}},"22":{"start":{"line":9,"column":6},"end":{"line":15,"column":52}},"23":{"start":{"line":21,"column":10},"end":{"line":21,"column":36}},"24":{"start":{"line":24,"column":13},"end":{"line":57,"column":19}},"25":{"start":{"line":61,"column":0},"end":{"line":61,"column":18}},"26":{"start":{"line":61,"column":19},"end":{"line":61,"column":46}}},"fnMap":{"0":{"name":"(anonymous_0)","decl":{"start":{"line":4,"column":21},"end":{"line":4,"column":22}},"loc":{"start":{"line":4,"column":49},"end":{"line":21,"column":37}},"line":4},"1":{"name":"CalculatorResponse","decl":{"start":{"line":4,"column":121},"end":{"line":4,"column":139}},"loc":{"start":{"line":4,"column":142},"end":{"line":4,"column":328}},"line":4},"2":{"name":"render","decl":{"start":{"line":4,"column":409},"end":{"line":4,"column":415}},"loc":{"start":{"line":5,"column":4},"end":{"line":21,"column":5}},"line":5}},"branchMap":{"0":{"loc":{"start":{"line":15,"column":8},"end":{"line":15,"column":46}},"type":"cond-expr","locations":[{"start":{"line":15,"column":37},"end":{"line":15,"column":38}},{"start":{"line":15,"column":41},"end":{"line":15,"column":46}}],"line":15},"1":{"loc":{"start":{"line":15,"column":8},"end":{"line":15,"column":34}},"type":"binary-expr","locations":[{"start":{"line":15,"column":8},"end":{"line":15,"column":21}},{"start":{"line":15,"column":25},"end":{"line":15,"column":34}}],"line":15}},"s":{"0":1,"1":1,"2":1,"3":1,"4":1,"5":1,"6":1,"7":1,"8":1,"9":1,"10":1,"11":1,"12":1,"13":1,"14":1,"15":1,"16":1,"17":1,"18":1,"19":1,"20":1,"21":1,"22":1,"23":1,"24":1,"25":1,"26":1},"f":{"0":1,"1":1,"2":1},"b":{"0":[0,1],"1":[1,0]},"_coverageSchema":"1a1c01bbd47fc00a2c39e90264f33305004495a9","hash":"7fa59947c0f8cc59125ac75bf97cc243c95004f3"}
}
