TN:
SF:App.js
FN:29,(anonymous_0)
FN:30,App
FN:43,getResult
FN:80,refresh
FN:90,handleButtonPress
FN:185,render
FNF:6
FNH:1
FNDA:1,(anonymous_0)
FNDA:0,App
FNDA:0,getResult
FNDA:0,refresh
FNDA:0,handleButtonPress
FNDA:0,render
DA:1,1
DA:9,1
DA:10,1
DA:19,1
DA:26,1
DA:27,1
DA:29,1
DA:30,0
DA:31,0
DA:32,0
DA:40,0
DA:41,0
DA:42,0
DA:43,1
DA:50,0
DA:52,0
DA:53,0
DA:54,0
DA:56,0
DA:58,0
DA:59,0
DA:61,0
DA:62,0
DA:64,0
DA:65,0
DA:67,0
DA:68,0
DA:70,0
DA:72,0
DA:76,0
DA:84,0
DA:94,0
DA:95,0
DA:97,0
DA:99,0
DA:100,0
DA:101,0
DA:102,0
DA:104,0
DA:105,0
DA:107,0
DA:110,0
DA:112,0
DA:121,0
DA:131,0
DA:132,0
DA:133,0
DA:134,0
DA:136,0
DA:138,0
DA:139,0
DA:141,0
DA:144,0
DA:146,0
DA:155,0
DA:157,0
DA:158,0
DA:159,0
DA:161,0
DA:162,0
DA:165,0
DA:167,0
DA:172,0
DA:173,0
DA:175,0
DA:177,0
DA:179,0
DA:181,0
DA:182,0
DA:188,0
DA:189,0
DA:210,1
DA:213,1
DA:225,1
LF:74
LH:11
BRDA:53,0,0,0
BRDA:53,0,1,0
BRDA:56,1,0,0
BRDA:56,1,1,0
BRDA:56,1,2,0
BRDA:56,1,3,0
BRDA:56,1,4,0
BRDA:67,2,0,0
BRDA:67,2,1,0
BRDA:67,3,0,0
BRDA:67,3,1,0
BRDA:97,4,0,0
BRDA:97,4,1,0
BRDA:97,4,2,0
BRDA:97,4,3,0
BRDA:97,4,4,0
BRDA:97,4,5,0
BRDA:97,4,6,0
BRDA:97,4,7,0
BRDA:97,4,8,0
BRDA:97,4,9,0
BRDA:97,4,10,0
BRDA:97,4,11,0
BRDA:97,4,12,0
BRDA:97,4,13,0
BRDA:97,4,14,0
BRDA:97,4,15,0
BRDA:97,4,16,0
BRDA:99,5,0,0
BRDA:99,5,1,0
BRDA:100,6,0,0
BRDA:100,6,1,0
BRDA:101,7,0,0
BRDA:101,7,1,0
BRDA:101,8,0,0
BRDA:101,8,1,0
BRDA:104,9,0,0
BRDA:104,9,1,0
BRDA:104,10,0,0
BRDA:104,10,1,0
BRDA:131,11,0,0
BRDA:131,11,1,0
BRDA:132,12,0,0
BRDA:132,12,1,0
BRDA:133,13,0,0
BRDA:133,13,1,0
BRDA:133,14,0,0
BRDA:133,14,1,0
BRDA:138,15,0,0
BRDA:138,15,1,0
BRDA:138,16,0,0
BRDA:138,16,1,0
BRDA:157,17,0,0
BRDA:157,17,1,0
BRDA:158,18,0,0
BRDA:158,18,1,0
BRDA:161,19,0,0
BRDA:161,19,1,0
BRDA:172,20,0,0
BRDA:172,20,1,0
BRF:60
BRH:0
end_of_record
TN:
SF:src\components\cal-btn-container\BtnContainer.js
FN:5,(anonymous_0)
FN:5,BtnContainer
FN:5,render
FNF:3
FNH:3
FNDA:2,(anonymous_0)
FNDA:1,BtnContainer
FNDA:1,render
DA:1,2
DA:2,2
DA:3,2
DA:5,2
DA:7,1
DA:10,1
DA:69,2
DA:72,2
DA:83,2
LF:9
LH:9
BRF:0
BRH:0
end_of_record
TN:
SF:src\components\cal-button\CalButton.js
FN:4,(anonymous_0)
FN:4,CalButton
FN:4,render
FN:28,onPress
FNF:4
FNH:3
FNDA:3,(anonymous_0)
FNDA:3,CalButton
FNDA:3,render
FNDA:0,onPress
DA:1,3
DA:2,3
DA:4,3
DA:7,3
DA:9,3
DA:10,3
DA:13,3
DA:14,0
DA:18,3
DA:19,1
DA:20,1
DA:21,2
DA:22,1
DA:25,3
DA:28,0
DA:32,3
DA:34,3
DA:35,3
DA:36,3
DA:67,3
LF:20
LH:18
BRDA:13,0,0,0
BRDA:13,0,1,3
BRDA:18,1,0,1
BRDA:18,1,1,2
BRDA:21,2,0,1
BRDA:21,2,1,1
BRF:6
BRH:5
end_of_record
TN:
SF:src\components\cal-result\CalResult.js
FN:4,(anonymous_0)
FN:4,CalculatorResponse
FN:4,render
FNF:3
FNH:3
FNDA:1,(anonymous_0)
FNDA:1,CalculatorResponse
FNDA:1,render
DA:1,1
DA:2,1
DA:4,1
DA:6,1
DA:7,1
DA:9,1
DA:21,1
DA:24,1
DA:61,1
LF:9
LH:9
BRDA:15,0,0,0
BRDA:15,0,1,1
BRDA:15,1,0,1
BRDA:15,1,1,0
BRF:4
BRH:2
end_of_record
